<?xml version="1.0" encoding="UTF-8"?>
<!-- Generated by org.testng.reporters.JUnitXMLReporter -->
<testsuite ignored="0" hostname="DESKTOP-C11JMBV" failures="0" tests="6" name="Test" time="111.24" errors="0" timestamp="2023-06-03T00:51:08 BDT">
  <testcase classname="testcases.DarazHelpCenterPageTest" name="TestHelpCenterPageTitle" time="13.166"/>
  <testcase classname="testcases.DarazLoginPageTest" name="TestLoginWithIvalidPhoneNumber" time="25.085"/>
  <testcase classname="testcases.DarazHelpCenterPageTest" name="TestHelpCenterPageUrl" time="13.984"/>
  <testcase classname="testcases.DarazLoginPageTest" name="TestLoginWithIvalidPhoneNumber" time="14.767"/>
  <testcase classname="testcases.DarazLoginPageTest" name="TestLoginWithIvalidPhoneNumber" time="15.699"/>
  <testcase classname="testcases.DarazLoginPageTest" name="TestLoginWithIvalidPhoneNumber" time="16.73"/>
</testsuite> <!-- Test -->
